C51 COMPILER V9.53.0.0   UART_TX                                                           12/29/2018 13:39:32 PAGE 1   


C51 COMPILER V9.53.0.0, COMPILATION OF MODULE UART_TX
OBJECT MODULE PLACED IN UART_TX.OBJ
COMPILER INVOKED BY: C:\Keil_v5\C51\BIN\C51.EXE UART_TX.c OPTIMIZE(8,SPEED) BROWSE DEBUG OBJECTEXTEND TABS(2)

line level    source

   1          #include<reg51.h>
   2          #include "8051_delay.h"
   3          #include "LCD_4_BIT_HEADER_FILE.h"
   4          
   5          void Uart_Intialization()
   6          {
   7   1        TMOD = 0x20;
   8   1        SCON = 0x50;
   9   1        TH1  = 0xFD;
  10   1        TL1  = 0xFD;
  11   1        TR1  = 1;
  12   1      }
  13          
  14          void TX(unsigned char x)   
  15          {
  16   1        SBUF = x;
  17   1        while(!TI);
  18   1        TI = 0;
  19   1      }
  20          
  21          void TX_String(const unsigned char *Str)
  22          {
  23   1        while(*Str != 0)
  24   1        {
  25   2          TX(*Str++);
  26   2        }
  27   1      }
  28          
  29          void main()
  30          {
  31   1        Lcd_Intialization();
  32   1        Uart_Intialization();
  33   1      
  34   1        Lcd_Command(0x80);
  35   1        Lcd_String("LYCA SOFT");
  36   1        
  37   1        while(1)
  38   1        {
  39   2          Lcd_Command(0xC0);
  40   2          Lcd_String("HELLO WORLD");
  41   2      
  42   2          TX_String("HELLO WORLD");
  43   2        }
  44   1      }


MODULE INFORMATION:   STATIC OVERLAYABLE
   CODE SIZE        =    266    ----
   CONSTANT SIZE    =     22    ----
   XDATA SIZE       =   ----    ----
   PDATA SIZE       =   ----    ----
   DATA SIZE        =   ----       6
   IDATA SIZE       =   ----    ----
   BIT SIZE         =   ----    ----
END OF MODULE INFORMATION.

C51 COMPILER V9.53.0.0   UART_TX                                                           12/29/2018 13:39:32 PAGE 2   


C51 COMPILATION COMPLETE.  0 WARNING(S),  0 ERROR(S)
